2017-04-19 16:37:29,347 [main] INFO  org.mule.module.launcher.application.DefaultMuleApplication - 
++++++++++++++++++++++++++++++++++++++++++++++++++++++++++++
+ Initializing app 'googlemapsapi'                         +
++++++++++++++++++++++++++++++++++++++++++++++++++++++++++++
2017-04-19 16:37:29,497 [main] INFO  org.mule.lifecycle.AbstractLifecycleManager - Initialising RegistryBroker
2017-04-19 16:37:29,582 [main] INFO  org.mule.module.extension.internal.manager.DefaultExtensionManager - Starting discovery of extensions
2017-04-19 16:37:29,664 [main] INFO  org.mule.module.extension.internal.manager.DefaultExtensionManager - Discovered 1 extensions
2017-04-19 16:37:29,664 [main] INFO  org.mule.module.extension.internal.manager.DefaultExtensionManager - Registering extension validation (version 3.8)
2017-04-19 16:37:29,729 [main] INFO  org.mule.config.spring.MuleArtifactContext - Refreshing org.mule.config.spring.MuleArtifactContext@26fb628: startup date [Wed Apr 19 16:37:29 EDT 2017]; root of context hierarchy
2017-04-19 16:37:30,639 [main] WARN  org.springframework.beans.factory.xml.XmlBeanDefinitionReader - Ignored XML validation warning
org.xml.sax.SAXParseException: schema_reference.4: Failed to read schema document 'http://www.mulesoft.org/schema/mule/splunk/current/mule-splunk.xsd', because 1) could not find the document; 2) the document could not be read; 3) the root element of the document is not <xsd:schema>.
	at org.apache.xerces.util.ErrorHandlerWrapper.createSAXParseException(Unknown Source) ~[?:?]
	at org.apache.xerces.util.ErrorHandlerWrapper.warning(Unknown Source) ~[?:?]
	at org.apache.xerces.impl.XMLErrorReporter.reportError(Unknown Source) ~[?:?]
	at org.apache.xerces.impl.XMLErrorReporter.reportError(Unknown Source) ~[?:?]
	at org.apache.xerces.impl.XMLErrorReporter.reportError(Unknown Source) ~[?:?]
	at org.apache.xerces.impl.xs.traversers.XSDHandler.reportSchemaWarning(Unknown Source) ~[?:?]
	at org.apache.xerces.impl.xs.traversers.XSDHandler.getSchemaDocument(Unknown Source) ~[?:?]
	at org.apache.xerces.impl.xs.traversers.XSDHandler.parseSchema(Unknown Source) ~[?:?]
	at org.apache.xerces.impl.xs.XMLSchemaLoader.loadSchema(Unknown Source) ~[?:?]
	at org.apache.xerces.impl.xs.XMLSchemaValidator.findSchemaGrammar(Unknown Source) ~[?:?]
	at org.apache.xerces.impl.xs.XMLSchemaValidator.handleStartElement(Unknown Source) ~[?:?]
	at org.apache.xerces.impl.xs.XMLSchemaValidator.emptyElement(Unknown Source) ~[?:?]
	at org.apache.xerces.impl.XMLNSDocumentScannerImpl.scanStartElement(Unknown Source) ~[?:?]
	at org.apache.xerces.impl.XMLDocumentFragmentScannerImpl$FragmentContentDispatcher.dispatch(Unknown Source) ~[?:?]
	at org.apache.xerces.impl.XMLDocumentFragmentScannerImpl.scanDocument(Unknown Source) ~[?:?]
	at org.apache.xerces.parsers.XML11Configuration.parse(Unknown Source) ~[?:?]
	at org.apache.xerces.parsers.XML11Configuration.parse(Unknown Source) ~[?:?]
	at org.apache.xerces.parsers.XMLParser.parse(Unknown Source) ~[?:?]
	at org.apache.xerces.parsers.DOMParser.parse(Unknown Source) ~[?:?]
	at org.apache.xerces.jaxp.DocumentBuilderImpl.parse(Unknown Source) ~[?:?]
	at org.springframework.beans.factory.xml.DefaultDocumentLoader.loadDocument(DefaultDocumentLoader.java:76) ~[spring-beans-4.1.6.RELEASE.jar:4.1.6.RELEASE]
	at org.mule.config.spring.MuleDocumentLoader.loadDocument(MuleDocumentLoader.java:86) ~[mule-module-spring-config-3.8.0.jar:3.8.0]
	at org.springframework.beans.factory.xml.XmlBeanDefinitionReader.doLoadDocument(XmlBeanDefinitionReader.java:429) ~[spring-beans-4.1.6.RELEASE.jar:4.1.6.RELEASE]
	at org.springframework.beans.factory.xml.XmlBeanDefinitionReader.doLoadBeanDefinitions(XmlBeanDefinitionReader.java:391) ~[spring-beans-4.1.6.RELEASE.jar:4.1.6.RELEASE]
	at org.springframework.beans.factory.xml.XmlBeanDefinitionReader.loadBeanDefinitions(XmlBeanDefinitionReader.java:336) ~[spring-beans-4.1.6.RELEASE.jar:4.1.6.RELEASE]
	at org.springframework.beans.factory.xml.XmlBeanDefinitionReader.loadBeanDefinitions(XmlBeanDefinitionReader.java:304) ~[spring-beans-4.1.6.RELEASE.jar:4.1.6.RELEASE]
	at org.springframework.beans.factory.support.AbstractBeanDefinitionReader.loadBeanDefinitions(AbstractBeanDefinitionReader.java:181) ~[spring-beans-4.1.6.RELEASE.jar:4.1.6.RELEASE]
	at org.mule.config.spring.MuleArtifactContext.loadBeanDefinitions(MuleArtifactContext.java:192) ~[mule-module-spring-config-3.8.0.jar:3.8.0]
	at org.springframework.context.support.AbstractRefreshableApplicationContext.refreshBeanFactory(AbstractRefreshableApplicationContext.java:129) ~[spring-context-4.1.6.RELEASE.jar:4.1.6.RELEASE]
	at org.springframework.context.support.AbstractApplicationContext.obtainFreshBeanFactory(AbstractApplicationContext.java:537) ~[spring-context-4.1.6.RELEASE.jar:4.1.6.RELEASE]
	at org.springframework.context.support.AbstractApplicationContext.refresh(AbstractApplicationContext.java:452) ~[spring-context-4.1.6.RELEASE.jar:4.1.6.RELEASE]
	at org.mule.config.spring.SpringRegistry.doInitialise(SpringRegistry.java:108) ~[mule-module-spring-config-3.8.0.jar:3.8.0]
	at org.mule.registry.AbstractRegistry.initialise(AbstractRegistry.java:104) ~[mule-core-3.8.0.jar:3.8.0]
	at org.mule.config.spring.SpringXmlConfigurationBuilder.createSpringRegistry(SpringXmlConfigurationBuilder.java:177) ~[mule-module-spring-config-3.8.0.jar:3.8.0]
	at org.mule.config.spring.SpringXmlConfigurationBuilder.doConfigure(SpringXmlConfigurationBuilder.java:100) ~[mule-module-spring-config-3.8.0.jar:3.8.0]
	at org.mule.config.builders.AbstractConfigurationBuilder.configure(AbstractConfigurationBuilder.java:43) ~[mule-core-3.8.0.jar:3.8.0]
	at org.mule.config.builders.AbstractResourceConfigurationBuilder.configure(AbstractResourceConfigurationBuilder.java:69) ~[mule-core-3.8.0.jar:3.8.0]
	at org.mule.config.builders.AutoConfigurationBuilder.autoConfigure(AutoConfigurationBuilder.java:101) ~[mule-core-3.8.0.jar:3.8.0]
	at org.mule.config.builders.AutoConfigurationBuilder.doConfigure(AutoConfigurationBuilder.java:52) ~[mule-core-3.8.0.jar:3.8.0]
	at org.mule.config.builders.AbstractConfigurationBuilder.configure(AbstractConfigurationBuilder.java:43) ~[mule-core-3.8.0.jar:3.8.0]
	at org.mule.config.builders.AbstractResourceConfigurationBuilder.configure(AbstractResourceConfigurationBuilder.java:69) ~[mule-core-3.8.0.jar:3.8.0]
	at org.mule.context.DefaultMuleContextFactory$1.configure(DefaultMuleContextFactory.java:89) ~[mule-core-3.8.0.jar:3.8.0]
	at org.mule.context.DefaultMuleContextFactory.doCreateMuleContext(DefaultMuleContextFactory.java:222) ~[mule-core-3.8.0.jar:3.8.0]
	at org.mule.context.DefaultMuleContextFactory.createMuleContext(DefaultMuleContextFactory.java:81) ~[mule-core-3.8.0.jar:3.8.0]
	at org.mule.module.launcher.application.DefaultMuleApplication.init(DefaultMuleApplication.java:196) ~[mule-module-launcher-3.8.0.jar:3.8.0]
	at org.mule.module.launcher.artifact.ArtifactWrapper$2.execute(ArtifactWrapper.java:63) ~[mule-module-launcher-3.8.0.jar:3.8.0]
	at org.mule.module.launcher.artifact.ArtifactWrapper.executeWithinArtifactClassLoader(ArtifactWrapper.java:136) ~[mule-module-launcher-3.8.0.jar:3.8.0]
	at org.mule.module.launcher.artifact.ArtifactWrapper.init(ArtifactWrapper.java:58) ~[mule-module-launcher-3.8.0.jar:3.8.0]
	at org.mule.module.launcher.DefaultArtifactDeployer.deploy(DefaultArtifactDeployer.java:25) ~[mule-module-launcher-3.8.0.jar:3.8.0]
	at org.mule.module.launcher.DefaultArchiveDeployer.guardedDeploy(DefaultArchiveDeployer.java:324) ~[mule-module-launcher-3.8.0.jar:3.8.0]
	at org.mule.module.launcher.DefaultArchiveDeployer.deployArtifact(DefaultArchiveDeployer.java:345) ~[mule-module-launcher-3.8.0.jar:3.8.0]
	at org.mule.module.launcher.DefaultArchiveDeployer.deployPackagedArtifact(DefaultArchiveDeployer.java:163) ~[mule-module-launcher-3.8.0.jar:3.8.0]
	at org.mule.module.launcher.DefaultArchiveDeployer.deployPackagedArtifact(DefaultArchiveDeployer.java:268) ~[mule-module-launcher-3.8.0.jar:3.8.0]
	at org.mule.module.launcher.DefaultArchiveDeployer.deployPackagedArtifact(DefaultArchiveDeployer.java:83) ~[mule-module-launcher-3.8.0.jar:3.8.0]
	at org.mule.module.launcher.DeploymentDirectoryWatcher.deployPackedApps(DeploymentDirectoryWatcher.java:275) ~[mule-module-launcher-3.8.0.jar:3.8.0]
	at org.mule.module.launcher.DeploymentDirectoryWatcher.start(DeploymentDirectoryWatcher.java:150) ~[mule-module-launcher-3.8.0.jar:3.8.0]
	at org.mule.module.launcher.MuleDeploymentService.start(MuleDeploymentService.java:104) ~[mule-module-launcher-3.8.0.jar:3.8.0]
	at org.mule.module.launcher.MuleContainer.start(MuleContainer.java:170) ~[mule-module-launcher-3.8.0.jar:3.8.0]
	at org.mule.tooling.server.application.ApplicationDeployer.main(ApplicationDeployer.java:15) ~[tooling-support-3.8.0.jar:?]
2017-04-19 16:37:30,651 [main] INFO  org.mule.lifecycle.AbstractLifecycleManager - Disposing RegistryBroker
2017-04-19 16:37:30,669 [main] ERROR org.mule.module.launcher.application.DefaultMuleApplication - null
org.xml.sax.SAXParseException: cvc-complex-type.2.4.a: Invalid content was found starting with element 'splunk:config-type'. One of '{"http://www.springframework.org/schema/beans":beans, "http://www.springframework.org/schema/beans":bean, "http://www.springframework.org/schema/context":property-placeholder, "http://www.springframework.org/schema/beans":ref, "http://www.mulesoft.org/schema/mule/core":global-property, "http://www.mulesoft.org/schema/mule/core":configuration, "http://www.mulesoft.org/schema/mule/core":notifications, "http://www.mulesoft.org/schema/mule/core":abstract-extension, "http://www.mulesoft.org/schema/mule/core":abstract-shared-extension, "http://www.mulesoft.org/schema/mule/core":abstract-mixed-content-extension, "http://www.mulesoft.org/schema/mule/core":abstract-agent, "http://www.mulesoft.org/schema/mule/core":abstract-security-manager, "http://www.mulesoft.org/schema/mule/core":abstract-transaction-manager, "http://www.mulesoft.org/schema/mule/core":abstract-shared-transaction-manager, "http://www.mulesoft.org/schema/mule/core":abstract-connector, "http://www.mulesoft.org/schema/mule/core":abstract-shared-connector, "http://www.mulesoft.org/schema/mule/core":abstract-global-endpoint, "http://www.mulesoft.org/schema/mule/core":abstract-exception-strategy, "http://www.mulesoft.org/schema/mule/core":abstract-flow-construct, "http://www.mulesoft.org/schema/mule/core":flow, "http://www.mulesoft.org/schema/mule/core":sub-flow, "http://www.mulesoft.org/schema/mule/core":abstract-model, "http://www.mulesoft.org/schema/mule/core":abstract-interceptor-stack, "http://www.mulesoft.org/schema/mule/core":abstract-filter, "http://www.mulesoft.org/schema/mule/core":abstract-transformer, "http://www.mulesoft.org/schema/mule/core":processor-chain, "http://www.mulesoft.org/schema/mule/core":custom-processor, "http://www.mulesoft.org/schema/mule/core":abstract-empty-processor, "http://www.mulesoft.org/schema/mule/core":invoke, "http://www.mulesoft.org/schema/mule/core":set-payload, "http://www.mulesoft.org/schema/mule/core":abstract-global-intercepting-message-processor, "http://www.mulesoft.org/schema/mule/core":custom-queue-store, "http://www.mulesoft.org/schema/mule/core":abstract-processing-strategy}' is expected.
	at org.apache.xerces.util.ErrorHandlerWrapper.createSAXParseException(Unknown Source) ~[?:?]
	at org.apache.xerces.util.ErrorHandlerWrapper.error(Unknown Source) ~[?:?]
	at org.apache.xerces.impl.XMLErrorReporter.reportError(Unknown Source) ~[?:?]
	at org.apache.xerces.impl.XMLErrorReporter.reportError(Unknown Source) ~[?:?]
	at org.apache.xerces.impl.XMLErrorReporter.reportError(Unknown Source) ~[?:?]
	at org.apache.xerces.impl.xs.XMLSchemaValidator$XSIErrorReporter.reportError(Unknown Source) ~[?:?]
	at org.apache.xerces.impl.xs.XMLSchemaValidator.reportSchemaError(Unknown Source) ~[?:?]
	at org.apache.xerces.impl.xs.XMLSchemaValidator.handleStartElement(Unknown Source) ~[?:?]
	at org.apache.xerces.impl.xs.XMLSchemaValidator.emptyElement(Unknown Source) ~[?:?]
	at org.apache.xerces.impl.XMLNSDocumentScannerImpl.scanStartElement(Unknown Source) ~[?:?]
	at org.apache.xerces.impl.XMLDocumentFragmentScannerImpl$FragmentContentDispatcher.dispatch(Unknown Source) ~[?:?]
	at org.apache.xerces.impl.XMLDocumentFragmentScannerImpl.scanDocument(Unknown Source) ~[?:?]
	at org.apache.xerces.parsers.XML11Configuration.parse(Unknown Source) ~[?:?]
	at org.apache.xerces.parsers.XML11Configuration.parse(Unknown Source) ~[?:?]
	at org.apache.xerces.parsers.XMLParser.parse(Unknown Source) ~[?:?]
	at org.apache.xerces.parsers.DOMParser.parse(Unknown Source) ~[?:?]
	at org.apache.xerces.jaxp.DocumentBuilderImpl.parse(Unknown Source) ~[?:?]
	at org.springframework.beans.factory.xml.DefaultDocumentLoader.loadDocument(DefaultDocumentLoader.java:76) ~[spring-beans-4.1.6.RELEASE.jar:4.1.6.RELEASE]
	at org.mule.config.spring.MuleDocumentLoader.loadDocument(MuleDocumentLoader.java:86) ~[mule-module-spring-config-3.8.0.jar:3.8.0]
	at org.springframework.beans.factory.xml.XmlBeanDefinitionReader.doLoadDocument(XmlBeanDefinitionReader.java:429) ~[spring-beans-4.1.6.RELEASE.jar:4.1.6.RELEASE]
	at org.springframework.beans.factory.xml.XmlBeanDefinitionReader.doLoadBeanDefinitions(XmlBeanDefinitionReader.java:391) ~[spring-beans-4.1.6.RELEASE.jar:4.1.6.RELEASE]
	at org.springframework.beans.factory.xml.XmlBeanDefinitionReader.loadBeanDefinitions(XmlBeanDefinitionReader.java:336) ~[spring-beans-4.1.6.RELEASE.jar:4.1.6.RELEASE]
	at org.springframework.beans.factory.xml.XmlBeanDefinitionReader.loadBeanDefinitions(XmlBeanDefinitionReader.java:304) ~[spring-beans-4.1.6.RELEASE.jar:4.1.6.RELEASE]
	at org.springframework.beans.factory.support.AbstractBeanDefinitionReader.loadBeanDefinitions(AbstractBeanDefinitionReader.java:181) ~[spring-beans-4.1.6.RELEASE.jar:4.1.6.RELEASE]
	at org.mule.config.spring.MuleArtifactContext.loadBeanDefinitions(MuleArtifactContext.java:192) ~[mule-module-spring-config-3.8.0.jar:3.8.0]
	at org.springframework.context.support.AbstractRefreshableApplicationContext.refreshBeanFactory(AbstractRefreshableApplicationContext.java:129) ~[spring-context-4.1.6.RELEASE.jar:4.1.6.RELEASE]
	at org.springframework.context.support.AbstractApplicationContext.obtainFreshBeanFactory(AbstractApplicationContext.java:537) ~[spring-context-4.1.6.RELEASE.jar:4.1.6.RELEASE]
	at org.springframework.context.support.AbstractApplicationContext.refresh(AbstractApplicationContext.java:452) ~[spring-context-4.1.6.RELEASE.jar:4.1.6.RELEASE]
	at org.mule.config.spring.SpringRegistry.doInitialise(SpringRegistry.java:108) ~[mule-module-spring-config-3.8.0.jar:3.8.0]
	at org.mule.registry.AbstractRegistry.initialise(AbstractRegistry.java:104) ~[mule-core-3.8.0.jar:3.8.0]
	at org.mule.config.spring.SpringXmlConfigurationBuilder.createSpringRegistry(SpringXmlConfigurationBuilder.java:177) ~[mule-module-spring-config-3.8.0.jar:3.8.0]
	at org.mule.config.spring.SpringXmlConfigurationBuilder.doConfigure(SpringXmlConfigurationBuilder.java:100) ~[mule-module-spring-config-3.8.0.jar:3.8.0]
	at org.mule.config.builders.AbstractConfigurationBuilder.configure(AbstractConfigurationBuilder.java:43) ~[mule-core-3.8.0.jar:3.8.0]
	at org.mule.config.builders.AbstractResourceConfigurationBuilder.configure(AbstractResourceConfigurationBuilder.java:69) ~[mule-core-3.8.0.jar:3.8.0]
	at org.mule.config.builders.AutoConfigurationBuilder.autoConfigure(AutoConfigurationBuilder.java:101) ~[mule-core-3.8.0.jar:3.8.0]
	at org.mule.config.builders.AutoConfigurationBuilder.doConfigure(AutoConfigurationBuilder.java:52) ~[mule-core-3.8.0.jar:3.8.0]
	at org.mule.config.builders.AbstractConfigurationBuilder.configure(AbstractConfigurationBuilder.java:43) ~[mule-core-3.8.0.jar:3.8.0]
	at org.mule.config.builders.AbstractResourceConfigurationBuilder.configure(AbstractResourceConfigurationBuilder.java:69) ~[mule-core-3.8.0.jar:3.8.0]
	at org.mule.context.DefaultMuleContextFactory$1.configure(DefaultMuleContextFactory.java:89) ~[mule-core-3.8.0.jar:3.8.0]
	at org.mule.context.DefaultMuleContextFactory.doCreateMuleContext(DefaultMuleContextFactory.java:222) ~[mule-core-3.8.0.jar:3.8.0]
	at org.mule.context.DefaultMuleContextFactory.createMuleContext(DefaultMuleContextFactory.java:81) ~[mule-core-3.8.0.jar:3.8.0]
	at org.mule.module.launcher.application.DefaultMuleApplication.init(DefaultMuleApplication.java:196) ~[mule-module-launcher-3.8.0.jar:3.8.0]
	at org.mule.module.launcher.artifact.ArtifactWrapper$2.execute(ArtifactWrapper.java:63) ~[mule-module-launcher-3.8.0.jar:3.8.0]
	at org.mule.module.launcher.artifact.ArtifactWrapper.executeWithinArtifactClassLoader(ArtifactWrapper.java:136) ~[mule-module-launcher-3.8.0.jar:3.8.0]
	at org.mule.module.launcher.artifact.ArtifactWrapper.init(ArtifactWrapper.java:58) ~[mule-module-launcher-3.8.0.jar:3.8.0]
	at org.mule.module.launcher.DefaultArtifactDeployer.deploy(DefaultArtifactDeployer.java:25) ~[mule-module-launcher-3.8.0.jar:3.8.0]
	at org.mule.module.launcher.DefaultArchiveDeployer.guardedDeploy(DefaultArchiveDeployer.java:324) ~[mule-module-launcher-3.8.0.jar:3.8.0]
	at org.mule.module.launcher.DefaultArchiveDeployer.deployArtifact(DefaultArchiveDeployer.java:345) ~[mule-module-launcher-3.8.0.jar:3.8.0]
	at org.mule.module.launcher.DefaultArchiveDeployer.deployPackagedArtifact(DefaultArchiveDeployer.java:163) ~[mule-module-launcher-3.8.0.jar:3.8.0]
	at org.mule.module.launcher.DefaultArchiveDeployer.deployPackagedArtifact(DefaultArchiveDeployer.java:268) ~[mule-module-launcher-3.8.0.jar:3.8.0]
	at org.mule.module.launcher.DefaultArchiveDeployer.deployPackagedArtifact(DefaultArchiveDeployer.java:83) ~[mule-module-launcher-3.8.0.jar:3.8.0]
	at org.mule.module.launcher.DeploymentDirectoryWatcher.deployPackedApps(DeploymentDirectoryWatcher.java:275) ~[mule-module-launcher-3.8.0.jar:3.8.0]
	at org.mule.module.launcher.DeploymentDirectoryWatcher.start(DeploymentDirectoryWatcher.java:150) ~[mule-module-launcher-3.8.0.jar:3.8.0]
	at org.mule.module.launcher.MuleDeploymentService.start(MuleDeploymentService.java:104) ~[mule-module-launcher-3.8.0.jar:3.8.0]
	at org.mule.module.launcher.MuleContainer.start(MuleContainer.java:170) ~[mule-module-launcher-3.8.0.jar:3.8.0]
	at org.mule.tooling.server.application.ApplicationDeployer.main(ApplicationDeployer.java:15) ~[tooling-support-3.8.0.jar:?]
2017-04-19 16:37:30,670 [main] INFO  org.mule.module.launcher.application.DefaultMuleApplication - App 'googlemapsapi' never started, nothing to dispose of
2017-04-19 16:38:19,471 [main] INFO  org.mule.module.launcher.application.DefaultMuleApplication - 
++++++++++++++++++++++++++++++++++++++++++++++++++++++++++++
+ Initializing app 'googlemapsapi'                         +
++++++++++++++++++++++++++++++++++++++++++++++++++++++++++++
2017-04-19 16:38:19,649 [main] INFO  org.mule.lifecycle.AbstractLifecycleManager - Initialising RegistryBroker
2017-04-19 16:38:19,755 [main] INFO  org.mule.module.extension.internal.manager.DefaultExtensionManager - Starting discovery of extensions
2017-04-19 16:38:19,845 [main] INFO  org.mule.module.extension.internal.manager.DefaultExtensionManager - Discovered 1 extensions
2017-04-19 16:38:19,845 [main] INFO  org.mule.module.extension.internal.manager.DefaultExtensionManager - Registering extension validation (version 3.8)
2017-04-19 16:38:19,912 [main] INFO  org.mule.config.spring.MuleArtifactContext - Refreshing org.mule.config.spring.MuleArtifactContext@68217d41: startup date [Wed Apr 19 16:38:19 EDT 2017]; root of context hierarchy
2017-04-19 16:38:21,173 [main] INFO  org.mule.config.spring.processors.NoDevkitInjectorProcessor - JSR-330 'javax.inject.Inject' annotation found and supported for autowiring
2017-04-19 16:38:22,249 [main] WARN  org.mule.module.ognl.expression.OgnlExpressionEvaluator - OGNL module is deprecated and will be removed in Mule 4.0. Use MEL expressions instead.
2017-04-19 16:38:22,690 [main] INFO  org.mule.lifecycle.AbstractLifecycleManager - Initialising model: _muleSystemModel
2017-04-19 16:38:22,694 [main] INFO  org.mule.construct.FlowConstructLifecycleManager - Initialising flow: rest-api-proxy
2017-04-19 16:38:22,695 [main] INFO  org.mule.exception.DefaultMessagingExceptionStrategy - Initialising exception listener: org.mule.exception.DefaultMessagingExceptionStrategy@547aaa32
2017-04-19 16:38:22,713 [main] INFO  org.mule.processor.SedaStageLifecycleManager - Initialising service: rest-api-proxy.stage1
2017-04-19 16:38:22,740 [main] INFO  org.mule.util.journal.TransactionJournal - Using files for tx logs C:\Users\roajer.gilbert\MuleSoft\.mule\.\.mule\googlemapsapi\queue-tx-log\tx1.log and C:\Users\roajer.gilbert\MuleSoft\.mule\.\.mule\googlemapsapi\queue-tx-log\tx2.log
2017-04-19 16:38:22,752 [main] INFO  org.mule.util.journal.TransactionJournal - Using files for tx logs C:\Users\roajer.gilbert\MuleSoft\.mule\.\.mule\googlemapsapi\queue-xa-tx-log\tx1.log and C:\Users\roajer.gilbert\MuleSoft\.mule\.\.mule\googlemapsapi\queue-xa-tx-log\tx2.log
2017-04-19 16:38:22,813 [main] INFO  org.mule.api.security.tls.TlsProperties - Loading configuration file: tls-default.conf
2017-04-19 16:38:23,441 [main] INFO  org.mule.config.spring.SpringXmlConfigurationBuilder - Configured Mule using "org.mule.config.spring.SpringXmlConfigurationBuilder" with configuration resource(s): "[ConfigResource{resourceName='C:\Users\roajer.gilbert\MuleSoft\.mule\apps\googlemapsapi\api.xml'}]"
2017-04-19 16:38:23,441 [main] INFO  org.mule.config.builders.AutoConfigurationBuilder - Configured Mule using "org.mule.config.builders.AutoConfigurationBuilder" with configuration resource(s): "[ConfigResource{resourceName='C:\Users\roajer.gilbert\MuleSoft\.mule\apps\googlemapsapi\api.xml'}]"
2017-04-19 16:38:26,471 [main] INFO  org.mule.module.launcher.application.DefaultMuleApplication - 
++++++++++++++++++++++++++++++++++++++++++++++++++++++++++++
+ Starting app 'googlemapsapi'                             +
++++++++++++++++++++++++++++++++++++++++++++++++++++++++++++
2017-04-19 16:38:26,474 [main] INFO  org.mule.util.queue.QueueXaResourceManager - Starting ResourceManager
2017-04-19 16:38:26,475 [main] INFO  org.mule.util.queue.QueueXaResourceManager - Started ResourceManager
2017-04-19 16:38:26,522 [main] INFO  org.mule.module.http.internal.listener.DefaultHttpListenerConfig - Listening for requests on http://localhost:8081
2017-04-19 16:38:26,524 [main] INFO  org.mule.modules.oauth2.provider.agents.DefaultSplashScreenAgent - 
++++++++++++++++++++++++++++++++++++++++++++++++++++++++++++++++++++++++++++++++
+ DevKit Extensions (0) used in this application 
                             +
++++++++++++++++++++++++++++++++++++++++++++++++++++++++++++++++++++++++++++++++
2017-04-19 16:38:26,527 [main] INFO  org.mule.lifecycle.AbstractLifecycleManager - Starting model: _muleSystemModel
2017-04-19 16:38:26,528 [main] INFO  org.mule.construct.FlowConstructLifecycleManager - Starting flow: rest-api-proxy
2017-04-19 16:38:26,528 [main] INFO  org.mule.processor.SedaStageLifecycleManager - Starting service: rest-api-proxy.stage1
2017-04-19 16:38:26,580 [main] INFO  org.mule.module.management.agent.WrapperManagerAgent - This JVM hasn't been launched by the wrapper, the agent will not run.
2017-04-19 16:38:26,599 [main] INFO  org.mule.DefaultMuleContext - 
**********************************************************************
* Application: googlemapsapi                                         *
* OS encoding: \, Mule encoding: UTF-8                               *
*                                                                    *
* Agents Running:                                                    *
*   Batch module default engine                                      *
*   JMX Agent                                                        *
*   DevKit Extension Information                                     *
*   Wrapper Manager                                                  *
**********************************************************************
2017-04-19 16:38:40,504 [[googlemapsapi].HTTP_Listener_Configuration.worker.01] INFO  org.mule.api.processor.LoggerMessageProcessor - 
org.mule.DefaultMuleMessage
{
  id=2bce1430-2540-11e7-a681-b88a608b83c9
  payload=org.glassfish.grizzly.utils.BufferInputStream
  correlationId=<not set>
  correlationGroup=-1
  correlationSeq=-1
  encoding=UTF-8
  exceptionPayload=<not set>

Message properties:
  INVOCATION scoped properties:
  INBOUND scoped properties:
    accept-ranges=none
    access-control-allow-origin=*
    alt-svc=quic=":443"; ma=2592000; v="37,36,35"
    cache-control=public, max-age=86400
    content-type=application/json; charset=UTF-8
    date=Wed, 19 Apr 2017 20:38:40 GMT
    expires=Thu, 20 Apr 2017 20:38:40 GMT
    http.reason=OK
    http.status=200
    server=mafe
    transfer-encoding=chunked
    vary=Accept-Language,Accept-Encoding
    x-frame-options=SAMEORIGIN
    x-xss-protection=1; mode=block
  OUTBOUND scoped properties:
  SESSION scoped properties:
}
